Using pre-set license
Built from '2020.3/staging' branch; Version is '2020.3.11f1 (99c7afb366b3) revision 10078127'; Using compiler version '192528614'; Build Type 'Release'
OS: 'Windows 10 Enterprise LTSC 2019; OS build 17763.2300; Version 1809; 64bit' Language: 'ru' Physical Memory: 14334 MB
BatchMode: 1, IsHumanControllingUs: 0, StartBugReporterOnCrash: 0, Is64bit: 1, IsPro: 0

 COMMAND LINE ARGUMENTS:
C:\Program Files\Unity\Hub\Editor\2020.3.11f1\Editor\Unity.exe
-adb2
-batchMode
-noUpm
-name
AssetImportWorker0
-projectPath
D:/Unity/2DPlatformer
-logFile
Logs/AssetImportWorker0.log
-srvPort
64988
Successfully changed project path to: D:/Unity/2DPlatformer
D:/Unity/2DPlatformer
Using Asset Import Pipeline V2.
Refreshing native plugins compatible for Editor in 77.58 ms, found 3 plugins.
Preloading 0 native plugins for Editor in 0.00 ms.
Initialize engine version: 2020.3.11f1 (99c7afb366b3)
[Subsystems] Discovering subsystems at path C:/Program Files/Unity/Hub/Editor/2020.3.11f1/Editor/Data/Resources/UnitySubsystems
[Subsystems] Discovering subsystems at path D:/Unity/2DPlatformer/Assets
GfxDevice: creating device client; threaded=0
Direct3D:
    Version:  Direct3D 11.0 [level 11.1]
    Renderer: Radeon RX 580 Series (ID=0x67df)
    Vendor:   
    VRAM:     8171 MB
    Driver:   27.20.21003.8013
Initialize mono
Mono path[0] = 'C:/Program Files/Unity/Hub/Editor/2020.3.11f1/Editor/Data/Managed'
Mono path[1] = 'C:/Program Files/Unity/Hub/Editor/2020.3.11f1/Editor/Data/MonoBleedingEdge/lib/mono/unityjit'
Mono config path = 'C:/Program Files/Unity/Hub/Editor/2020.3.11f1/Editor/Data/MonoBleedingEdge/etc'
Using monoOptions --debugger-agent=transport=dt_socket,embedding=1,server=y,suspend=n,address=127.0.0.1:56896
Begin MonoManager ReloadAssembly
Registering precompiled unity dll's ...
Register platform support module: C:/Program Files/Unity/Hub/Editor/2020.3.11f1/Editor/Data/PlaybackEngines/WebGLSupport/UnityEditor.WebGL.Extensions.dll
Register platform support module: C:/Program Files/Unity/Hub/Editor/2020.3.11f1/Editor/Data/PlaybackEngines/WindowsStandaloneSupport/UnityEditor.WindowsStandalone.Extensions.dll
Registered in 0.002497 seconds.
Native extension for WindowsStandalone target not found
Native extension for WebGL target not found
Refreshing native plugins compatible for Editor in 81.08 ms, found 3 plugins.
Preloading 0 native plugins for Editor in 0.00 ms.
Mono: successfully reloaded assembly
- Completed reload, in  1.971 seconds
Platform modules already initialized, skipping
Registering precompiled user dll's ...
Registered in 0.004788 seconds.
Begin MonoManager ReloadAssembly
Native extension for WindowsStandalone target not found
Native extension for WebGL target not found
Refreshing native plugins compatible for Editor in 76.80 ms, found 3 plugins.
Preloading 0 native plugins for Editor in 0.00 ms.
Mono: successfully reloaded assembly
- Completed reload, in  1.859 seconds
Platform modules already initialized, skipping
========================================================================
Worker process is ready to serve import requests
Launched and connected shader compiler UnityShaderCompiler.exe after 0.05 seconds
Refreshing native plugins compatible for Editor in 0.96 ms, found 3 plugins.
Preloading 0 native plugins for Editor in 0.00 ms.
Unloading 2081 Unused Serialized files (Serialized files now loaded: 0)
System memory in use before: 92.8 MB.
System memory in use after: 92.8 MB.

Unloading 33 unused Assets to reduce memory usage. Loaded Objects now: 2514.
Total: 4.304700 ms (FindLiveObjects: 0.620100 ms CreateObjectMapping: 0.135700 ms MarkObjects: 3.326900 ms  DeleteObjects: 0.220300 ms)

========================================================================
Received Import Request.
  path: Assets/2D Free Platformer Char/Scenes/DemoScene.unity
  artifactKey: Guid(a1a3d91e1988a004ba5ea5264d33667e) Importer(815301076,1909f56bfc062723c751e8b465ee728b)
Start importing Assets/2D Free Platformer Char/Scenes/DemoScene.unity using Guid(a1a3d91e1988a004ba5ea5264d33667e) Importer(815301076,1909f56bfc062723c751e8b465ee728b)  -> (artifact id: '7300c53d52936ba23cc515e1096b707d') in 0.021625 seconds
  Import took 0.027324 seconds .

========================================================================
Received Import Request.
  Time since last request: 0.019510 seconds.
  path: Assets/2D Free Platformer Char/Scenes/DemoScene.unity
  artifactKey: Guid(a1a3d91e1988a004ba5ea5264d33667e) Importer(815301076,1909f56bfc062723c751e8b465ee728b)
Start importing Assets/2D Free Platformer Char/Scenes/DemoScene.unity using Guid(a1a3d91e1988a004ba5ea5264d33667e) Importer(815301076,1909f56bfc062723c751e8b465ee728b)  -> (artifact id: '7300c53d52936ba23cc515e1096b707d') in 0.002810 seconds
  Import took 0.007856 seconds .

========================================================================
Received Prepare
Registering precompiled user dll's ...
Registered in 0.006842 seconds.
Begin MonoManager ReloadAssembly
Native extension for WindowsStandalone target not found
Native extension for WebGL target not found
Refreshing native plugins compatible for Editor in 0.97 ms, found 3 plugins.
Preloading 0 native plugins for Editor in 0.00 ms.
Mono: successfully reloaded assembly
- Completed reload, in  1.641 seconds
Platform modules already initialized, skipping
Refreshing native plugins compatible for Editor in 0.98 ms, found 3 plugins.
Preloading 0 native plugins for Editor in 0.00 ms.
Unloading 2076 Unused Serialized files (Serialized files now loaded: 0)
System memory in use before: 92.8 MB.
System memory in use after: 92.8 MB.

Unloading 21 unused Assets to reduce memory usage. Loaded Objects now: 2518.
Total: 4.228900 ms (FindLiveObjects: 0.527600 ms CreateObjectMapping: 0.134800 ms MarkObjects: 3.402300 ms  DeleteObjects: 0.162000 ms)

========================================================================
Received Import Request.
  Time since last request: 130.620740 seconds.
  path: Assets/Scenes/SampleScene.unity
  artifactKey: Guid(2cda990e2423bbf4892e6590ba056729) Importer(815301076,1909f56bfc062723c751e8b465ee728b)
Start importing Assets/Scenes/SampleScene.unity using Guid(2cda990e2423bbf4892e6590ba056729) Importer(815301076,1909f56bfc062723c751e8b465ee728b)  -> (artifact id: 'aa27944bdea339c97c39027c7eea529c') in 0.018905 seconds
  Import took 0.024003 seconds .

========================================================================
Received Import Request.
  Time since last request: 41.986727 seconds.
  path: Assets/2D Free Platformer Char/2D Free Wolf/Prefabs
  artifactKey: Guid(ba8cc1e612d060143b85f1b6af1eee79) Importer(815301076,1909f56bfc062723c751e8b465ee728b)
Start importing Assets/2D Free Platformer Char/2D Free Wolf/Prefabs using Guid(ba8cc1e612d060143b85f1b6af1eee79) Importer(815301076,1909f56bfc062723c751e8b465ee728b)  -> (artifact id: 'fb04e07788b2ffb8cc6e35f1a3c6ffb3') in 0.006721 seconds
  Import took 0.011642 seconds .

========================================================================
Received Import Request.
  Time since last request: 0.716376 seconds.
  path: Assets/2D Free Platformer Char/2D Free Wolf/Prefabs/Wolf.prefab
  artifactKey: Guid(48f2a8c5ebc0a154f9c0198a2eac1a05) Importer(815301076,1909f56bfc062723c751e8b465ee728b)
Start importing Assets/2D Free Platformer Char/2D Free Wolf/Prefabs/Wolf.prefab using Guid(48f2a8c5ebc0a154f9c0198a2eac1a05) Importer(815301076,1909f56bfc062723c751e8b465ee728b)  -> (artifact id: 'beee156a47a3e40878697febf7d4e8ad') in 0.182748 seconds
  Import took 0.188879 seconds .

========================================================================
Received Import Request.
  Time since last request: 28.207395 seconds.
  path: Assets/Scenes
  artifactKey: Guid(dc96bd4f3d41c0648ab81f147588a2b6) Importer(815301076,1909f56bfc062723c751e8b465ee728b)
Start importing Assets/Scenes using Guid(dc96bd4f3d41c0648ab81f147588a2b6) Importer(815301076,1909f56bfc062723c751e8b465ee728b)  -> (artifact id: '2c77aed4635ae450f3469a99808bf6b7') in 0.005809 seconds
  Import took 0.010997 seconds .

========================================================================
Received Import Request.
  Time since last request: 8.237229 seconds.
  path: Assets/Scripts
  artifactKey: Guid(ef6fd7d4768753c4b89a986beb727c97) Importer(815301076,1909f56bfc062723c751e8b465ee728b)
Start importing Assets/Scripts using Guid(ef6fd7d4768753c4b89a986beb727c97) Importer(815301076,1909f56bfc062723c751e8b465ee728b)  -> (artifact id: '6877af68e01fc66bbba9d61321bef5c7') in 0.002733 seconds
  Import took 0.007499 seconds .

========================================================================
Received Import Request.
  Time since last request: 77.684337 seconds.
  path: Assets/Scripts/Mover.cs
  artifactKey: Guid(7d7e95f22c1f5e144bc421b461099b0a) Importer(815301076,1909f56bfc062723c751e8b465ee728b)
Start importing Assets/Scripts/Mover.cs using Guid(7d7e95f22c1f5e144bc421b461099b0a) Importer(815301076,1909f56bfc062723c751e8b465ee728b)  -> (artifact id: 'b64a86dd4d5730afb1776bbc1435b991') in 0.011803 seconds
  Import took 0.017973 seconds .

========================================================================
Received Prepare
Registering precompiled user dll's ...
Registered in 0.004214 seconds.
Begin MonoManager ReloadAssembly
Native extension for WindowsStandalone target not found
Native extension for WebGL target not found
Refreshing native plugins compatible for Editor in 1.07 ms, found 3 plugins.
Preloading 0 native plugins for Editor in 0.00 ms.
Mono: successfully reloaded assembly
- Completed reload, in  1.717 seconds
Platform modules already initialized, skipping
Refreshing native plugins compatible for Editor in 1.36 ms, found 3 plugins.
Preloading 0 native plugins for Editor in 0.00 ms.
Unloading 2077 Unused Serialized files (Serialized files now loaded: 0)
System memory in use before: 96.1 MB.
System memory in use after: 96.1 MB.

Unloading 21 unused Assets to reduce memory usage. Loaded Objects now: 2530.
Total: 4.941100 ms (FindLiveObjects: 0.854500 ms CreateObjectMapping: 0.232500 ms MarkObjects: 3.660900 ms  DeleteObjects: 0.190900 ms)

========================================================================
Received Prepare
Registering precompiled user dll's ...
Registered in 0.004602 seconds.
Begin MonoManager ReloadAssembly
Native extension for WindowsStandalone target not found
Native extension for WebGL target not found
Refreshing native plugins compatible for Editor in 1.02 ms, found 3 plugins.
Preloading 0 native plugins for Editor in 0.00 ms.
Mono: successfully reloaded assembly
- Completed reload, in  1.819 seconds
Platform modules already initialized, skipping
Refreshing native plugins compatible for Editor in 2.70 ms, found 3 plugins.
Preloading 0 native plugins for Editor in 0.00 ms.
Unloading 2077 Unused Serialized files (Serialized files now loaded: 0)
System memory in use before: 96.1 MB.
System memory in use after: 96.1 MB.

Unloading 21 unused Assets to reduce memory usage. Loaded Objects now: 2534.
Total: 6.946400 ms (FindLiveObjects: 0.610000 ms CreateObjectMapping: 0.147400 ms MarkObjects: 5.999900 ms  DeleteObjects: 0.186000 ms)

========================================================================
Received Import Request.
  Time since last request: 83.576508 seconds.
  path: Assets/Scripts/Movement.cs
  artifactKey: Guid(7d7e95f22c1f5e144bc421b461099b0a) Importer(815301076,1909f56bfc062723c751e8b465ee728b)
Start importing Assets/Scripts/Movement.cs using Guid(7d7e95f22c1f5e144bc421b461099b0a) Importer(815301076,1909f56bfc062723c751e8b465ee728b)  -> (artifact id: 'c99d076b1edf743355ab5e057c8b34b8') in 0.027993 seconds
  Import took 0.037588 seconds .

========================================================================
Received Prepare
Registering precompiled user dll's ...
Registered in 0.004220 seconds.
Begin MonoManager ReloadAssembly
Native extension for WindowsStandalone target not found
Native extension for WebGL target not found
Refreshing native plugins compatible for Editor in 0.96 ms, found 3 plugins.
Preloading 0 native plugins for Editor in 0.00 ms.
Mono: successfully reloaded assembly
- Completed reload, in  1.697 seconds
Platform modules already initialized, skipping
Refreshing native plugins compatible for Editor in 1.00 ms, found 3 plugins.
Preloading 0 native plugins for Editor in 0.00 ms.
Unloading 2077 Unused Serialized files (Serialized files now loaded: 0)
System memory in use before: 96.2 MB.
System memory in use after: 96.1 MB.

Unloading 21 unused Assets to reduce memory usage. Loaded Objects now: 2538.
Total: 4.063500 ms (FindLiveObjects: 0.524800 ms CreateObjectMapping: 0.147000 ms MarkObjects: 3.217900 ms  DeleteObjects: 0.172000 ms)

========================================================================
Received Import Request.
  Time since last request: 240.927219 seconds.
  path: Assets/Scripts/Movement.cs
  artifactKey: Guid(7d7e95f22c1f5e144bc421b461099b0a) Importer(815301076,1909f56bfc062723c751e8b465ee728b)
Start importing Assets/Scripts/Movement.cs using Guid(7d7e95f22c1f5e144bc421b461099b0a) Importer(815301076,1909f56bfc062723c751e8b465ee728b)  -> (artifact id: 'edcc7480d46a0c8cc2d6b2901f054f58') in 0.009150 seconds
  Import took 0.013604 seconds .

========================================================================
Received Prepare
Registering precompiled user dll's ...
Registered in 0.004409 seconds.
Begin MonoManager ReloadAssembly
Native extension for WindowsStandalone target not found
Native extension for WebGL target not found
Refreshing native plugins compatible for Editor in 1.03 ms, found 3 plugins.
Preloading 0 native plugins for Editor in 0.00 ms.
Mono: successfully reloaded assembly
- Completed reload, in  1.644 seconds
Platform modules already initialized, skipping
Refreshing native plugins compatible for Editor in 0.99 ms, found 3 plugins.
Preloading 0 native plugins for Editor in 0.00 ms.
Unloading 2077 Unused Serialized files (Serialized files now loaded: 0)
System memory in use before: 96.2 MB.
System memory in use after: 96.1 MB.

Unloading 21 unused Assets to reduce memory usage. Loaded Objects now: 2542.
Total: 4.518800 ms (FindLiveObjects: 0.555500 ms CreateObjectMapping: 0.164500 ms MarkObjects: 3.620500 ms  DeleteObjects: 0.176400 ms)

========================================================================
Received Prepare
Registering precompiled user dll's ...
Registered in 0.005709 seconds.
Begin MonoManager ReloadAssembly
Native extension for WindowsStandalone target not found
Native extension for WebGL target not found
Refreshing native plugins compatible for Editor in 1.24 ms, found 3 plugins.
Preloading 0 native plugins for Editor in 0.00 ms.
Mono: successfully reloaded assembly
- Completed reload, in  1.623 seconds
Platform modules already initialized, skipping
Refreshing native plugins compatible for Editor in 1.15 ms, found 3 plugins.
Preloading 0 native plugins for Editor in 0.00 ms.
Unloading 2077 Unused Serialized files (Serialized files now loaded: 0)
System memory in use before: 96.2 MB.
System memory in use after: 96.2 MB.

Unloading 21 unused Assets to reduce memory usage. Loaded Objects now: 2546.
Total: 4.842500 ms (FindLiveObjects: 0.786400 ms CreateObjectMapping: 0.172500 ms MarkObjects: 3.688200 ms  DeleteObjects: 0.193500 ms)

========================================================================
Received Prepare
Registering precompiled user dll's ...
Registered in 0.005673 seconds.
Begin MonoManager ReloadAssembly
Native extension for WindowsStandalone target not found
Native extension for WebGL target not found
Refreshing native plugins compatible for Editor in 0.95 ms, found 3 plugins.
Preloading 0 native plugins for Editor in 0.00 ms.
Mono: successfully reloaded assembly
- Completed reload, in  1.666 seconds
Platform modules already initialized, skipping
Refreshing native plugins compatible for Editor in 1.01 ms, found 3 plugins.
Preloading 0 native plugins for Editor in 0.00 ms.
Unloading 2077 Unused Serialized files (Serialized files now loaded: 0)
System memory in use before: 96.2 MB.
System memory in use after: 96.2 MB.

Unloading 21 unused Assets to reduce memory usage. Loaded Objects now: 2550.
Total: 4.638200 ms (FindLiveObjects: 0.727100 ms CreateObjectMapping: 0.124400 ms MarkObjects: 3.606900 ms  DeleteObjects: 0.177700 ms)

========================================================================
Received Import Request.
  Time since last request: 521.535505 seconds.
  path: Assets/Animations
  artifactKey: Guid(d075a2616da843347b1c155a40fbc2e6) Importer(815301076,1909f56bfc062723c751e8b465ee728b)
Start importing Assets/Animations using Guid(d075a2616da843347b1c155a40fbc2e6) Importer(815301076,1909f56bfc062723c751e8b465ee728b)  -> (artifact id: '83a8b01f94003376f49ec2709d11d1bc') in 0.012718 seconds
  Import took 0.018306 seconds .

========================================================================
Received Import Request.
  Time since last request: 16.511547 seconds.
  path: Assets/Animations/WolfAnimatorController.controller
  artifactKey: Guid(4794b6c33829d2c46a1362b25f030891) Importer(815301076,1909f56bfc062723c751e8b465ee728b)
Start importing Assets/Animations/WolfAnimatorController.controller using Guid(4794b6c33829d2c46a1362b25f030891) Importer(815301076,1909f56bfc062723c751e8b465ee728b)  -> (artifact id: 'e96a53ff37916c9a533f3f2252ca5b10') in 0.019468 seconds
  Import took 0.024629 seconds .

========================================================================
Received Import Request.
  Time since last request: 38.785114 seconds.
  path: Assets/2D Free Platformer Char/2D Free Wolf/Sprites/2To4/Wolf-2To4_2.png
  artifactKey: Guid(be0507858cb0a564d8bf7bfe8d283bf1) Importer(815301076,1909f56bfc062723c751e8b465ee728b)
Start importing Assets/2D Free Platformer Char/2D Free Wolf/Sprites/2To4/Wolf-2To4_2.png using Guid(be0507858cb0a564d8bf7bfe8d283bf1) Importer(815301076,1909f56bfc062723c751e8b465ee728b)  -> (artifact id: '98a1e224027e132e4c477b7e1f21e420') in 0.071411 seconds
  Import took 0.076611 seconds .

========================================================================
Received Import Request.
  Time since last request: 0.005920 seconds.
  path: Assets/2D Free Platformer Char/2D Free Wolf/Sprites/2To4/Wolf-2To4_2.png
  artifactKey: Guid(be0507858cb0a564d8bf7bfe8d283bf1) Importer(815301076,1909f56bfc062723c751e8b465ee728b)
Start importing Assets/2D Free Platformer Char/2D Free Wolf/Sprites/2To4/Wolf-2To4_2.png using Guid(be0507858cb0a564d8bf7bfe8d283bf1) Importer(815301076,1909f56bfc062723c751e8b465ee728b)  -> (artifact id: '98a1e224027e132e4c477b7e1f21e420') in 0.013703 seconds
  Import took 0.018664 seconds .

========================================================================
Received Import Request.
  Time since last request: 0.201308 seconds.
  path: Assets/2D Free Platformer Char/2D Free Wolf/Sprites/2To4/Wolf-2To4_3.png
  artifactKey: Guid(b18fa044dec9c4c48940f31db99c9565) Importer(815301076,1909f56bfc062723c751e8b465ee728b)
Start importing Assets/2D Free Platformer Char/2D Free Wolf/Sprites/2To4/Wolf-2To4_3.png using Guid(b18fa044dec9c4c48940f31db99c9565) Importer(815301076,1909f56bfc062723c751e8b465ee728b)  -> (artifact id: '982edc8692eb819a4374dd6448f85fa6') in 0.014321 seconds
  Import took 0.019303 seconds .

========================================================================
Received Import Request.
  Time since last request: 0.392019 seconds.
  path: Assets/2D Free Platformer Char/2D Free Wolf/Sprites/2To4/Wolf-2To4_4.png
  artifactKey: Guid(755251380e9bb374bb1cdc1458afbb2a) Importer(815301076,1909f56bfc062723c751e8b465ee728b)
Start importing Assets/2D Free Platformer Char/2D Free Wolf/Sprites/2To4/Wolf-2To4_4.png using Guid(755251380e9bb374bb1cdc1458afbb2a) Importer(815301076,1909f56bfc062723c751e8b465ee728b)  -> (artifact id: '9f1ef51670ada73fb7b0d8e72e4099c6') in 0.022784 seconds
  Import took 0.034284 seconds .

========================================================================
Received Import Request.
  Time since last request: 0.669367 seconds.
  path: Assets/2D Free Platformer Char/2D Free Wolf/Sprites/2To4/Wolf-2To4_1.png
  artifactKey: Guid(25be71a9aa6903e429d3520b3565ce40) Importer(815301076,1909f56bfc062723c751e8b465ee728b)
Start importing Assets/2D Free Platformer Char/2D Free Wolf/Sprites/2To4/Wolf-2To4_1.png using Guid(25be71a9aa6903e429d3520b3565ce40) Importer(815301076,1909f56bfc062723c751e8b465ee728b)  -> (artifact id: '9760bfda430ee0c2de05c5f64ecab778') in 0.016461 seconds
  Import took 0.021388 seconds .

========================================================================
Received Import Request.
  Time since last request: 0.144811 seconds.
  path: Assets/2D Free Platformer Char/2D Free Wolf/Sprites/2To4/Wolf-2To4_0.png
  artifactKey: Guid(a58f70af19f88b1489062a706e79c293) Importer(815301076,1909f56bfc062723c751e8b465ee728b)
Start importing Assets/2D Free Platformer Char/2D Free Wolf/Sprites/2To4/Wolf-2To4_0.png using Guid(a58f70af19f88b1489062a706e79c293) Importer(815301076,1909f56bfc062723c751e8b465ee728b)  -> (artifact id: 'd518f4d46729b399662731291c568fb9') in 0.016267 seconds
  Import took 0.021672 seconds .

========================================================================
Received Import Request.
  Time since last request: 2.741339 seconds.
  path: Assets/2D Free Platformer Char/2D Free Wolf/Spine/Spine 3.7.94
  artifactKey: Guid(76a17909582b47141a27dbef7602b971) Importer(815301076,1909f56bfc062723c751e8b465ee728b)
Start importing Assets/2D Free Platformer Char/2D Free Wolf/Spine/Spine 3.7.94 using Guid(76a17909582b47141a27dbef7602b971) Importer(815301076,1909f56bfc062723c751e8b465ee728b)  -> (artifact id: 'cd7006f33d6105ae826ade504fe2fe7a') in 0.008446 seconds
  Import took 0.013435 seconds .

========================================================================
Received Import Request.
  Time since last request: 16.702250 seconds.
  path: Assets/2D Free Platformer Char/2D Free Wolf/Animation Controller/4Idle.anim
  artifactKey: Guid(0ce212b9752a0d140b13c8724b521a60) Importer(815301076,1909f56bfc062723c751e8b465ee728b)
Start importing Assets/2D Free Platformer Char/2D Free Wolf/Animation Controller/4Idle.anim using Guid(0ce212b9752a0d140b13c8724b521a60) Importer(815301076,1909f56bfc062723c751e8b465ee728b)  -> (artifact id: 'de982d8ead733d41c0724d8245125e78') in 0.014440 seconds
  Import took 0.019223 seconds .

========================================================================
Received Prepare
Registering precompiled user dll's ...
Registered in 0.004412 seconds.
Begin MonoManager ReloadAssembly
Native extension for WindowsStandalone target not found
Native extension for WebGL target not found
Refreshing native plugins compatible for Editor in 0.97 ms, found 3 plugins.
Preloading 0 native plugins for Editor in 0.00 ms.
Mono: successfully reloaded assembly
- Completed reload, in  1.617 seconds
Platform modules already initialized, skipping
Refreshing native plugins compatible for Editor in 0.99 ms, found 3 plugins.
Preloading 0 native plugins for Editor in 0.00 ms.
Unloading 2077 Unused Serialized files (Serialized files now loaded: 0)
System memory in use before: 96.2 MB.
System memory in use after: 96.2 MB.

Unloading 21 unused Assets to reduce memory usage. Loaded Objects now: 2558.
Total: 4.165800 ms (FindLiveObjects: 0.503600 ms CreateObjectMapping: 0.121700 ms MarkObjects: 3.352100 ms  DeleteObjects: 0.183400 ms)

========================================================================
Received Prepare
Registering precompiled user dll's ...
Registered in 0.005010 seconds.
Begin MonoManager ReloadAssembly
Native extension for WindowsStandalone target not found
Native extension for WebGL target not found
Refreshing native plugins compatible for Editor in 1.14 ms, found 3 plugins.
Preloading 0 native plugins for Editor in 0.00 ms.
Mono: successfully reloaded assembly
- Completed reload, in  1.674 seconds
Platform modules already initialized, skipping
Refreshing native plugins compatible for Editor in 1.23 ms, found 3 plugins.
Preloading 0 native plugins for Editor in 0.00 ms.
Unloading 2077 Unused Serialized files (Serialized files now loaded: 0)
System memory in use before: 96.2 MB.
System memory in use after: 96.2 MB.

Unloading 21 unused Assets to reduce memory usage. Loaded Objects now: 2562.
Total: 5.676600 ms (FindLiveObjects: 0.592800 ms CreateObjectMapping: 0.141600 ms MarkObjects: 4.761200 ms  DeleteObjects: 0.178700 ms)

========================================================================
Received Prepare
Registering precompiled user dll's ...
Registered in 0.004601 seconds.
Begin MonoManager ReloadAssembly
Native extension for WindowsStandalone target not found
Native extension for WebGL target not found
Refreshing native plugins compatible for Editor in 0.97 ms, found 3 plugins.
Preloading 0 native plugins for Editor in 0.00 ms.
Mono: successfully reloaded assembly
- Completed reload, in  1.642 seconds
Platform modules already initialized, skipping
Refreshing native plugins compatible for Editor in 1.06 ms, found 3 plugins.
Preloading 0 native plugins for Editor in 0.00 ms.
Unloading 2077 Unused Serialized files (Serialized files now loaded: 0)
System memory in use before: 96.2 MB.
System memory in use after: 96.2 MB.

Unloading 21 unused Assets to reduce memory usage. Loaded Objects now: 2566.
Total: 4.131800 ms (FindLiveObjects: 0.522600 ms CreateObjectMapping: 0.123200 ms MarkObjects: 3.304000 ms  DeleteObjects: 0.180200 ms)

========================================================================
Received Prepare
Registering precompiled user dll's ...
Registered in 0.004670 seconds.
Begin MonoManager ReloadAssembly
Native extension for WindowsStandalone target not found
Native extension for WebGL target not found
Refreshing native plugins compatible for Editor in 1.13 ms, found 3 plugins.
Preloading 0 native plugins for Editor in 0.00 ms.
Mono: successfully reloaded assembly
- Completed reload, in  1.591 seconds
Platform modules already initialized, skipping
Refreshing native plugins compatible for Editor in 1.07 ms, found 3 plugins.
Preloading 0 native plugins for Editor in 0.00 ms.
Unloading 2077 Unused Serialized files (Serialized files now loaded: 0)
System memory in use before: 96.2 MB.
System memory in use after: 96.2 MB.

Unloading 21 unused Assets to reduce memory usage. Loaded Objects now: 2570.
Total: 4.278300 ms (FindLiveObjects: 0.514000 ms CreateObjectMapping: 0.123300 ms MarkObjects: 3.460000 ms  DeleteObjects: 0.179200 ms)

========================================================================
Received Prepare
Registering precompiled user dll's ...
Registered in 0.004772 seconds.
Begin MonoManager ReloadAssembly
Native extension for WindowsStandalone target not found
Native extension for WebGL target not found
Refreshing native plugins compatible for Editor in 1.06 ms, found 3 plugins.
Preloading 0 native plugins for Editor in 0.00 ms.
Mono: successfully reloaded assembly
- Completed reload, in  1.626 seconds
Platform modules already initialized, skipping
Refreshing native plugins compatible for Editor in 0.92 ms, found 3 plugins.
Preloading 0 native plugins for Editor in 0.00 ms.
Unloading 2077 Unused Serialized files (Serialized files now loaded: 0)
System memory in use before: 96.3 MB.
System memory in use after: 96.2 MB.

Unloading 21 unused Assets to reduce memory usage. Loaded Objects now: 2574.
Total: 4.342500 ms (FindLiveObjects: 0.568600 ms CreateObjectMapping: 0.134900 ms MarkObjects: 3.444400 ms  DeleteObjects: 0.192800 ms)

========================================================================
Received Prepare
Registering precompiled user dll's ...
Registered in 0.005243 seconds.
Begin MonoManager ReloadAssembly
Native extension for WindowsStandalone target not found
Native extension for WebGL target not found
Refreshing native plugins compatible for Editor in 1.05 ms, found 3 plugins.
Preloading 0 native plugins for Editor in 0.00 ms.
Mono: successfully reloaded assembly
- Completed reload, in  1.636 seconds
Platform modules already initialized, skipping
Refreshing native plugins compatible for Editor in 0.93 ms, found 3 plugins.
Preloading 0 native plugins for Editor in 0.00 ms.
Unloading 2077 Unused Serialized files (Serialized files now loaded: 0)
System memory in use before: 96.3 MB.
System memory in use after: 96.2 MB.

Unloading 21 unused Assets to reduce memory usage. Loaded Objects now: 2578.
Total: 4.018900 ms (FindLiveObjects: 0.515800 ms CreateObjectMapping: 0.122100 ms MarkObjects: 3.192400 ms  DeleteObjects: 0.184000 ms)

========================================================================
Received Prepare
Registering precompiled user dll's ...
Registered in 0.005005 seconds.
Begin MonoManager ReloadAssembly
Native extension for WindowsStandalone target not found
Native extension for WebGL target not found
Refreshing native plugins compatible for Editor in 1.02 ms, found 3 plugins.
Preloading 0 native plugins for Editor in 0.00 ms.
Mono: successfully reloaded assembly
- Completed reload, in  1.616 seconds
Platform modules already initialized, skipping
Refreshing native plugins compatible for Editor in 1.02 ms, found 3 plugins.
Preloading 0 native plugins for Editor in 0.00 ms.
Unloading 2077 Unused Serialized files (Serialized files now loaded: 0)
System memory in use before: 96.3 MB.
System memory in use after: 96.3 MB.

Unloading 21 unused Assets to reduce memory usage. Loaded Objects now: 2582.
Total: 4.721900 ms (FindLiveObjects: 0.592600 ms CreateObjectMapping: 0.205000 ms MarkObjects: 3.588700 ms  DeleteObjects: 0.333300 ms)

========================================================================
Received Prepare
Registering precompiled user dll's ...
Registered in 0.005782 seconds.
Begin MonoManager ReloadAssembly
Native extension for WindowsStandalone target not found
Native extension for WebGL target not found
Refreshing native plugins compatible for Editor in 1.02 ms, found 3 plugins.
Preloading 0 native plugins for Editor in 0.00 ms.
Mono: successfully reloaded assembly
- Completed reload, in  1.612 seconds
Platform modules already initialized, skipping
Refreshing native plugins compatible for Editor in 1.05 ms, found 3 plugins.
Preloading 0 native plugins for Editor in 0.00 ms.
Unloading 2077 Unused Serialized files (Serialized files now loaded: 0)
System memory in use before: 96.3 MB.
System memory in use after: 96.3 MB.

Unloading 21 unused Assets to reduce memory usage. Loaded Objects now: 2586.
Total: 4.062900 ms (FindLiveObjects: 0.545700 ms CreateObjectMapping: 0.124400 ms MarkObjects: 3.216400 ms  DeleteObjects: 0.174800 ms)

========================================================================
Received Prepare
Registering precompiled user dll's ...
Registered in 0.007070 seconds.
Begin MonoManager ReloadAssembly
Native extension for WindowsStandalone target not found
Native extension for WebGL target not found
Refreshing native plugins compatible for Editor in 1.07 ms, found 3 plugins.
Preloading 0 native plugins for Editor in 0.00 ms.
Mono: successfully reloaded assembly
- Completed reload, in  1.635 seconds
Platform modules already initialized, skipping
Refreshing native plugins compatible for Editor in 0.90 ms, found 3 plugins.
Preloading 0 native plugins for Editor in 0.00 ms.
Unloading 2077 Unused Serialized files (Serialized files now loaded: 0)
System memory in use before: 96.3 MB.
System memory in use after: 96.3 MB.

Unloading 21 unused Assets to reduce memory usage. Loaded Objects now: 2590.
Total: 4.302300 ms (FindLiveObjects: 0.547500 ms CreateObjectMapping: 0.123000 ms MarkObjects: 3.446200 ms  DeleteObjects: 0.183800 ms)

========================================================================
Received Prepare
Registering precompiled user dll's ...
Registered in 0.004286 seconds.
Begin MonoManager ReloadAssembly
Native extension for WindowsStandalone target not found
Native extension for WebGL target not found
Refreshing native plugins compatible for Editor in 1.14 ms, found 3 plugins.
Preloading 0 native plugins for Editor in 0.00 ms.
Mono: successfully reloaded assembly
- Completed reload, in  1.594 seconds
Platform modules already initialized, skipping
Refreshing native plugins compatible for Editor in 1.03 ms, found 3 plugins.
Preloading 0 native plugins for Editor in 0.00 ms.
Unloading 2077 Unused Serialized files (Serialized files now loaded: 0)
System memory in use before: 96.3 MB.
System memory in use after: 96.3 MB.

Unloading 21 unused Assets to reduce memory usage. Loaded Objects now: 2594.
Total: 4.288200 ms (FindLiveObjects: 0.687900 ms CreateObjectMapping: 0.124200 ms MarkObjects: 3.290200 ms  DeleteObjects: 0.184000 ms)

========================================================================
Received Prepare
Registering precompiled user dll's ...
Registered in 0.004367 seconds.
Begin MonoManager ReloadAssembly
Native extension for WindowsStandalone target not found
Native extension for WebGL target not found
Refreshing native plugins compatible for Editor in 1.01 ms, found 3 plugins.
Preloading 0 native plugins for Editor in 0.00 ms.
Mono: successfully reloaded assembly
- Completed reload, in  1.579 seconds
Platform modules already initialized, skipping
Refreshing native plugins compatible for Editor in 0.93 ms, found 3 plugins.
Preloading 0 native plugins for Editor in 0.00 ms.
Unloading 2077 Unused Serialized files (Serialized files now loaded: 0)
System memory in use before: 96.3 MB.
System memory in use after: 96.3 MB.

Unloading 21 unused Assets to reduce memory usage. Loaded Objects now: 2598.
Total: 4.516700 ms (FindLiveObjects: 0.526700 ms CreateObjectMapping: 0.125200 ms MarkObjects: 3.675500 ms  DeleteObjects: 0.187100 ms)

========================================================================
Received Prepare
Registering precompiled user dll's ...
Registered in 0.004385 seconds.
Begin MonoManager ReloadAssembly
Native extension for WindowsStandalone target not found
Native extension for WebGL target not found
Refreshing native plugins compatible for Editor in 1.21 ms, found 3 plugins.
Preloading 0 native plugins for Editor in 0.00 ms.
Mono: successfully reloaded assembly
- Completed reload, in  1.716 seconds
Platform modules already initialized, skipping
Refreshing native plugins compatible for Editor in 1.01 ms, found 3 plugins.
Preloading 0 native plugins for Editor in 0.00 ms.
Unloading 2077 Unused Serialized files (Serialized files now loaded: 0)
System memory in use before: 96.3 MB.
System memory in use after: 96.3 MB.

Unloading 21 unused Assets to reduce memory usage. Loaded Objects now: 2602.
Total: 5.679100 ms (FindLiveObjects: 0.730800 ms CreateObjectMapping: 0.132500 ms MarkObjects: 4.561200 ms  DeleteObjects: 0.252000 ms)

========================================================================
Received Prepare
Registering precompiled user dll's ...
Registered in 0.004339 seconds.
Begin MonoManager ReloadAssembly
Native extension for WindowsStandalone target not found
Native extension for WebGL target not found
Refreshing native plugins compatible for Editor in 1.79 ms, found 3 plugins.
Preloading 0 native plugins for Editor in 0.00 ms.
Mono: successfully reloaded assembly
- Completed reload, in  1.659 seconds
Platform modules already initialized, skipping
Refreshing native plugins compatible for Editor in 0.98 ms, found 3 plugins.
Preloading 0 native plugins for Editor in 0.00 ms.
Unloading 2077 Unused Serialized files (Serialized files now loaded: 0)
System memory in use before: 96.3 MB.
System memory in use after: 96.3 MB.

Unloading 21 unused Assets to reduce memory usage. Loaded Objects now: 2606.
Total: 4.533900 ms (FindLiveObjects: 0.674200 ms CreateObjectMapping: 0.155700 ms MarkObjects: 3.366500 ms  DeleteObjects: 0.335700 ms)

========================================================================
Received Prepare
Registering precompiled user dll's ...
Registered in 0.004733 seconds.
Begin MonoManager ReloadAssembly
Native extension for WindowsStandalone target not found
Native extension for WebGL target not found
Refreshing native plugins compatible for Editor in 1.08 ms, found 3 plugins.
Preloading 0 native plugins for Editor in 0.00 ms.
Mono: successfully reloaded assembly
- Completed reload, in  1.697 seconds
Platform modules already initialized, skipping
Refreshing native plugins compatible for Editor in 1.07 ms, found 3 plugins.
Preloading 0 native plugins for Editor in 0.00 ms.
Unloading 2077 Unused Serialized files (Serialized files now loaded: 0)
System memory in use before: 96.3 MB.
System memory in use after: 96.3 MB.

Unloading 21 unused Assets to reduce memory usage. Loaded Objects now: 2610.
Total: 4.454300 ms (FindLiveObjects: 0.569200 ms CreateObjectMapping: 0.121800 ms MarkObjects: 3.550700 ms  DeleteObjects: 0.210200 ms)

========================================================================
Received Prepare
Registering precompiled user dll's ...
Registered in 0.005232 seconds.
Begin MonoManager ReloadAssembly
Native extension for WindowsStandalone target not found
Native extension for WebGL target not found
Refreshing native plugins compatible for Editor in 0.95 ms, found 3 plugins.
Preloading 0 native plugins for Editor in 0.00 ms.
Mono: successfully reloaded assembly
- Completed reload, in  1.599 seconds
Platform modules already initialized, skipping
Refreshing native plugins compatible for Editor in 0.96 ms, found 3 plugins.
Preloading 0 native plugins for Editor in 0.00 ms.
Unloading 2077 Unused Serialized files (Serialized files now loaded: 0)
System memory in use before: 96.3 MB.
System memory in use after: 96.3 MB.

Unloading 21 unused Assets to reduce memory usage. Loaded Objects now: 2614.
Total: 4.159900 ms (FindLiveObjects: 0.571200 ms CreateObjectMapping: 0.133900 ms MarkObjects: 3.274200 ms  DeleteObjects: 0.178800 ms)

========================================================================
Received Prepare
Registering precompiled user dll's ...
Registered in 0.004253 seconds.
Begin MonoManager ReloadAssembly
Native extension for WindowsStandalone target not found
Native extension for WebGL target not found
Refreshing native plugins compatible for Editor in 0.94 ms, found 3 plugins.
Preloading 0 native plugins for Editor in 0.00 ms.
Mono: successfully reloaded assembly
- Completed reload, in  1.615 seconds
Platform modules already initialized, skipping
Refreshing native plugins compatible for Editor in 1.04 ms, found 3 plugins.
Preloading 0 native plugins for Editor in 0.00 ms.
Unloading 2077 Unused Serialized files (Serialized files now loaded: 0)
System memory in use before: 96.4 MB.
System memory in use after: 96.3 MB.

Unloading 21 unused Assets to reduce memory usage. Loaded Objects now: 2618.
Total: 4.870400 ms (FindLiveObjects: 0.613500 ms CreateObjectMapping: 0.136800 ms MarkObjects: 3.922300 ms  DeleteObjects: 0.195400 ms)

========================================================================
Received Prepare
Registering precompiled user dll's ...
Registered in 0.005088 seconds.
Begin MonoManager ReloadAssembly
Native extension for WindowsStandalone target not found
Native extension for WebGL target not found
Refreshing native plugins compatible for Editor in 1.03 ms, found 3 plugins.
Preloading 0 native plugins for Editor in 0.00 ms.
Mono: successfully reloaded assembly
- Completed reload, in  1.701 seconds
Platform modules already initialized, skipping
Refreshing native plugins compatible for Editor in 0.96 ms, found 3 plugins.
Preloading 0 native plugins for Editor in 0.00 ms.
Unloading 2077 Unused Serialized files (Serialized files now loaded: 0)
System memory in use before: 96.4 MB.
System memory in use after: 96.3 MB.

Unloading 21 unused Assets to reduce memory usage. Loaded Objects now: 2622.
Total: 4.696700 ms (FindLiveObjects: 0.600000 ms CreateObjectMapping: 0.257100 ms MarkObjects: 3.621200 ms  DeleteObjects: 0.216400 ms)

========================================================================
Received Prepare
Registering precompiled user dll's ...
Registered in 0.004543 seconds.
Begin MonoManager ReloadAssembly
Native extension for WindowsStandalone target not found
Native extension for WebGL target not found
Refreshing native plugins compatible for Editor in 1.02 ms, found 3 plugins.
Preloading 0 native plugins for Editor in 0.00 ms.
Mono: successfully reloaded assembly
- Completed reload, in  1.631 seconds
Platform modules already initialized, skipping
Refreshing native plugins compatible for Editor in 1.40 ms, found 3 plugins.
Preloading 0 native plugins for Editor in 0.00 ms.
Unloading 2077 Unused Serialized files (Serialized files now loaded: 0)
System memory in use before: 96.4 MB.
System memory in use after: 96.4 MB.

Unloading 21 unused Assets to reduce memory usage. Loaded Objects now: 2626.
Total: 4.618300 ms (FindLiveObjects: 0.607500 ms CreateObjectMapping: 0.137800 ms MarkObjects: 3.667800 ms  DeleteObjects: 0.203200 ms)

========================================================================
Received Prepare
Registering precompiled user dll's ...
Registered in 0.004603 seconds.
Begin MonoManager ReloadAssembly
Native extension for WindowsStandalone target not found
Native extension for WebGL target not found
Refreshing native plugins compatible for Editor in 0.96 ms, found 3 plugins.
Preloading 0 native plugins for Editor in 0.00 ms.
Mono: successfully reloaded assembly
- Completed reload, in  1.557 seconds
Platform modules already initialized, skipping
Refreshing native plugins compatible for Editor in 0.99 ms, found 3 plugins.
Preloading 0 native plugins for Editor in 0.00 ms.
Unloading 2077 Unused Serialized files (Serialized files now loaded: 0)
System memory in use before: 96.4 MB.
System memory in use after: 96.4 MB.

Unloading 21 unused Assets to reduce memory usage. Loaded Objects now: 2630.
Total: 4.560000 ms (FindLiveObjects: 0.764800 ms CreateObjectMapping: 0.140800 ms MarkObjects: 3.461900 ms  DeleteObjects: 0.190000 ms)

========================================================================
Received Prepare
Registering precompiled user dll's ...
Registered in 0.004277 seconds.
Begin MonoManager ReloadAssembly
Native extension for WindowsStandalone target not found
Native extension for WebGL target not found
Refreshing native plugins compatible for Editor in 1.02 ms, found 3 plugins.
Preloading 0 native plugins for Editor in 0.00 ms.
Mono: successfully reloaded assembly
- Completed reload, in  1.631 seconds
Platform modules already initialized, skipping
Refreshing native plugins compatible for Editor in 0.96 ms, found 3 plugins.
Preloading 0 native plugins for Editor in 0.00 ms.
Unloading 2077 Unused Serialized files (Serialized files now loaded: 0)
System memory in use before: 96.4 MB.
System memory in use after: 96.4 MB.

Unloading 21 unused Assets to reduce memory usage. Loaded Objects now: 2634.
Total: 4.303700 ms (FindLiveObjects: 0.552100 ms CreateObjectMapping: 0.125300 ms MarkObjects: 3.430900 ms  DeleteObjects: 0.193300 ms)

========================================================================
Received Prepare
Registering precompiled user dll's ...
Registered in 0.005116 seconds.
Begin MonoManager ReloadAssembly
Native extension for WindowsStandalone target not found
Native extension for WebGL target not found
Refreshing native plugins compatible for Editor in 1.09 ms, found 3 plugins.
Preloading 0 native plugins for Editor in 0.00 ms.
Mono: successfully reloaded assembly
- Completed reload, in  1.711 seconds
Platform modules already initialized, skipping
Refreshing native plugins compatible for Editor in 1.01 ms, found 3 plugins.
Preloading 0 native plugins for Editor in 0.00 ms.
Unloading 2077 Unused Serialized files (Serialized files now loaded: 0)
System memory in use before: 96.4 MB.
System memory in use after: 96.4 MB.

Unloading 21 unused Assets to reduce memory usage. Loaded Objects now: 2638.
Total: 4.762800 ms (FindLiveObjects: 0.549900 ms CreateObjectMapping: 0.126000 ms MarkObjects: 3.885100 ms  DeleteObjects: 0.199300 ms)

========================================================================
Received Prepare
Registering precompiled user dll's ...
Registered in 0.004239 seconds.
Begin MonoManager ReloadAssembly
Native extension for WindowsStandalone target not found
Native extension for WebGL target not found
Refreshing native plugins compatible for Editor in 1.05 ms, found 3 plugins.
Preloading 0 native plugins for Editor in 0.00 ms.
Mono: successfully reloaded assembly
- Completed reload, in  1.670 seconds
Platform modules already initialized, skipping
Refreshing native plugins compatible for Editor in 0.98 ms, found 3 plugins.
Preloading 0 native plugins for Editor in 0.00 ms.
Unloading 2077 Unused Serialized files (Serialized files now loaded: 0)
System memory in use before: 96.4 MB.
System memory in use after: 96.4 MB.

Unloading 21 unused Assets to reduce memory usage. Loaded Objects now: 2642.
Total: 4.425500 ms (FindLiveObjects: 0.567700 ms CreateObjectMapping: 0.124000 ms MarkObjects: 3.541800 ms  DeleteObjects: 0.190200 ms)

========================================================================
Received Prepare
Registering precompiled user dll's ...
Registered in 0.003899 seconds.
Begin MonoManager ReloadAssembly
Native extension for WindowsStandalone target not found
Native extension for WebGL target not found
Refreshing native plugins compatible for Editor in 1.04 ms, found 3 plugins.
Preloading 0 native plugins for Editor in 0.00 ms.
Mono: successfully reloaded assembly
- Completed reload, in  1.591 seconds
Platform modules already initialized, skipping
Refreshing native plugins compatible for Editor in 1.01 ms, found 3 plugins.
Preloading 0 native plugins for Editor in 0.00 ms.
Unloading 2077 Unused Serialized files (Serialized files now loaded: 0)
System memory in use before: 96.4 MB.
System memory in use after: 96.4 MB.

Unloading 21 unused Assets to reduce memory usage. Loaded Objects now: 2646.
Total: 4.758100 ms (FindLiveObjects: 0.838400 ms CreateObjectMapping: 0.130500 ms MarkObjects: 3.604300 ms  DeleteObjects: 0.182100 ms)

========================================================================
Received Prepare
Registering precompiled user dll's ...
Registered in 0.004089 seconds.
Begin MonoManager ReloadAssembly
Native extension for WindowsStandalone target not found
Native extension for WebGL target not found
Refreshing native plugins compatible for Editor in 0.97 ms, found 3 plugins.
Preloading 0 native plugins for Editor in 0.00 ms.
Mono: successfully reloaded assembly
- Completed reload, in  1.600 seconds
Platform modules already initialized, skipping
Refreshing native plugins compatible for Editor in 0.95 ms, found 3 plugins.
Preloading 0 native plugins for Editor in 0.00 ms.
Unloading 2077 Unused Serialized files (Serialized files now loaded: 0)
System memory in use before: 96.4 MB.
System memory in use after: 96.4 MB.

Unloading 21 unused Assets to reduce memory usage. Loaded Objects now: 2650.
Total: 4.445600 ms (FindLiveObjects: 0.601500 ms CreateObjectMapping: 0.168700 ms MarkObjects: 3.406300 ms  DeleteObjects: 0.267200 ms)

========================================================================
Received Import Request.
  Time since last request: 3994.441289 seconds.
  path: Assets/2D Zombie/Demo
  artifactKey: Guid(9b82289e6e140c0408446d15b833e177) Importer(815301076,1909f56bfc062723c751e8b465ee728b)
Start importing Assets/2D Zombie/Demo using Guid(9b82289e6e140c0408446d15b833e177) Importer(815301076,1909f56bfc062723c751e8b465ee728b)  -> (artifact id: 'b9d71d07b48ec6de0ad4f32841ea1839') in 0.009947 seconds
  Import took 0.016446 seconds .

========================================================================
Received Import Request.
  Time since last request: 0.781453 seconds.
  path: Assets/2D Zombie/Demo/Demo_Normal.unity
  artifactKey: Guid(cd926779f85483a439efec7f8d79e813) Importer(815301076,1909f56bfc062723c751e8b465ee728b)
Start importing Assets/2D Zombie/Demo/Demo_Normal.unity using Guid(cd926779f85483a439efec7f8d79e813) Importer(815301076,1909f56bfc062723c751e8b465ee728b)  -> (artifact id: '047b6982804d6defc72a2e5b456add66') in 0.012791 seconds
  Import took 0.018977 seconds .

========================================================================
Received Import Request.
  Time since last request: 15.544099 seconds.
  path: Assets/Scenes/SampleScene.unity
  artifactKey: Guid(2cda990e2423bbf4892e6590ba056729) Importer(815301076,1909f56bfc062723c751e8b465ee728b)
Start importing Assets/Scenes/SampleScene.unity using Guid(2cda990e2423bbf4892e6590ba056729) Importer(815301076,1909f56bfc062723c751e8b465ee728b)  -> (artifact id: '26c16393c492f15577970937ee675c8d') in 0.006107 seconds
  Import took 0.011244 seconds .

========================================================================
Received Prepare
Registering precompiled user dll's ...
Registered in 0.004138 seconds.
Begin MonoManager ReloadAssembly
Native extension for WindowsStandalone target not found
Native extension for WebGL target not found
Refreshing native plugins compatible for Editor in 1.07 ms, found 3 plugins.
Preloading 0 native plugins for Editor in 0.00 ms.
Mono: successfully reloaded assembly
- Completed reload, in  1.614 seconds
Platform modules already initialized, skipping
Refreshing native plugins compatible for Editor in 0.95 ms, found 3 plugins.
Preloading 0 native plugins for Editor in 0.00 ms.
Unloading 2078 Unused Serialized files (Serialized files now loaded: 0)
System memory in use before: 96.6 MB.
System memory in use after: 96.5 MB.

Unloading 22 unused Assets to reduce memory usage. Loaded Objects now: 2654.
Total: 4.548100 ms (FindLiveObjects: 0.592100 ms CreateObjectMapping: 0.146500 ms MarkObjects: 3.574600 ms  DeleteObjects: 0.233100 ms)

========================================================================
Received Import Request.
  Time since last request: 10.434754 seconds.
  path: Assets/Scenes/Level_01.unity
  artifactKey: Guid(2cda990e2423bbf4892e6590ba056729) Importer(815301076,1909f56bfc062723c751e8b465ee728b)
Start importing Assets/Scenes/Level_01.unity using Guid(2cda990e2423bbf4892e6590ba056729) Importer(815301076,1909f56bfc062723c751e8b465ee728b)  -> (artifact id: '2fc9651161069a093dde2f8be6871a94') in 0.018326 seconds
  Import took 0.023044 seconds .

========================================================================
Received Import Request.
  Time since last request: 24.985833 seconds.
  path: Assets/2D Zombie/Unity Native Animations/Zombie_Normal.png
  artifactKey: Guid(1d44309ecdaa8244eb75229d95f7b1ed) Importer(815301076,1909f56bfc062723c751e8b465ee728b)
Start importing Assets/2D Zombie/Unity Native Animations/Zombie_Normal.png using Guid(1d44309ecdaa8244eb75229d95f7b1ed) Importer(815301076,1909f56bfc062723c751e8b465ee728b)  -> (artifact id: '8881bd1ee99c972ada1eb3d7c2090536') in 0.040727 seconds
  Import took 0.046565 seconds .

========================================================================
Received Import Request.
  Time since last request: 0.037433 seconds.
  path: Assets/2D Zombie/Unity Native Animations/Zombie_Normal.png
  artifactKey: Guid(1d44309ecdaa8244eb75229d95f7b1ed) Importer(815301076,1909f56bfc062723c751e8b465ee728b)
Start importing Assets/2D Zombie/Unity Native Animations/Zombie_Normal.png using Guid(1d44309ecdaa8244eb75229d95f7b1ed) Importer(815301076,1909f56bfc062723c751e8b465ee728b)  -> (artifact id: '8881bd1ee99c972ada1eb3d7c2090536') in 0.009961 seconds
  Import took 0.015466 seconds .

========================================================================
Received Import Request.
  Time since last request: 6.454314 seconds.
  path: Assets/2D Zombie/Unity Native Animations/Baked/Zombie_Normal (default).prefab
  artifactKey: Guid(df083ad502d97fc4d85f4c95d686c40e) Importer(815301076,1909f56bfc062723c751e8b465ee728b)
Start importing Assets/2D Zombie/Unity Native Animations/Baked/Zombie_Normal (default).prefab using Guid(df083ad502d97fc4d85f4c95d686c40e) Importer(815301076,1909f56bfc062723c751e8b465ee728b)  -> (artifact id: '2d9faea320d15f1a0d263be643f4a585') in 1.241690 seconds
  Import took 1.248414 seconds .

========================================================================
Received Import Request.
  Time since last request: 0.000386 seconds.
  path: Assets/2D Zombie/Unity Native Animations/Baked/Zombie_Normal Controller.controller
  artifactKey: Guid(8b195c47592e6aa499d2ff9a9c371f55) Importer(815301076,1909f56bfc062723c751e8b465ee728b)
Start importing Assets/2D Zombie/Unity Native Animations/Baked/Zombie_Normal Controller.controller using Guid(8b195c47592e6aa499d2ff9a9c371f55) Importer(815301076,1909f56bfc062723c751e8b465ee728b)  -> (artifact id: '88ffa427b1b1b598d9f715a5c09db17e') in 0.722650 seconds
  Import took 0.728304 seconds .

========================================================================
Received Import Request.
  Time since last request: 154.489131 seconds.
  path: Assets/Scripts/Enemy.cs
  artifactKey: Guid(d24af0b4daa32ac45aa22f35f9543de3) Importer(815301076,1909f56bfc062723c751e8b465ee728b)
Start importing Assets/Scripts/Enemy.cs using Guid(d24af0b4daa32ac45aa22f35f9543de3) Importer(815301076,1909f56bfc062723c751e8b465ee728b)  -> (artifact id: '4457071cbfe7addab7eeead6ac2a8b31') in 0.013662 seconds
  Import took 0.020771 seconds .

========================================================================
Received Prepare
Registering precompiled user dll's ...
Registered in 0.004430 seconds.
Begin MonoManager ReloadAssembly
Native extension for WindowsStandalone target not found
Native extension for WebGL target not found
Refreshing native plugins compatible for Editor in 0.98 ms, found 3 plugins.
Preloading 0 native plugins for Editor in 0.00 ms.
Mono: successfully reloaded assembly
- Completed reload, in  1.664 seconds
Platform modules already initialized, skipping
Refreshing native plugins compatible for Editor in 1.06 ms, found 3 plugins.
Preloading 0 native plugins for Editor in 0.00 ms.
Unloading 2079 Unused Serialized files (Serialized files now loaded: 0)
System memory in use before: 96.9 MB.
System memory in use after: 96.9 MB.

Unloading 21 unused Assets to reduce memory usage. Loaded Objects now: 2665.
Total: 4.468900 ms (FindLiveObjects: 0.589200 ms CreateObjectMapping: 0.135500 ms MarkObjects: 3.543500 ms  DeleteObjects: 0.199000 ms)

========================================================================
Received Prepare
Registering precompiled user dll's ...
Registered in 0.005523 seconds.
Begin MonoManager ReloadAssembly
Native extension for WindowsStandalone target not found
Native extension for WebGL target not found
Refreshing native plugins compatible for Editor in 1.01 ms, found 3 plugins.
Preloading 0 native plugins for Editor in 0.00 ms.
Mono: successfully reloaded assembly
- Completed reload, in  1.741 seconds
Platform modules already initialized, skipping
Refreshing native plugins compatible for Editor in 0.98 ms, found 3 plugins.
Preloading 0 native plugins for Editor in 0.00 ms.
Unloading 2078 Unused Serialized files (Serialized files now loaded: 0)
System memory in use before: 96.8 MB.
System memory in use after: 96.8 MB.

Unloading 21 unused Assets to reduce memory usage. Loaded Objects now: 2669.
Total: 4.377600 ms (FindLiveObjects: 0.598100 ms CreateObjectMapping: 0.126000 ms MarkObjects: 3.471400 ms  DeleteObjects: 0.180200 ms)

========================================================================
Received Import Request.
  Time since last request: 603.003413 seconds.
  path: Assets/Scripts/Enemy.cs
  artifactKey: Guid(d24af0b4daa32ac45aa22f35f9543de3) Importer(815301076,1909f56bfc062723c751e8b465ee728b)
Start importing Assets/Scripts/Enemy.cs using Guid(d24af0b4daa32ac45aa22f35f9543de3) Importer(815301076,1909f56bfc062723c751e8b465ee728b)  -> (artifact id: '2ebefbae7656cb26a22aec3d31f8827a') in 0.007144 seconds
  Import took 0.012539 seconds .

========================================================================
Received Prepare
Registering precompiled user dll's ...
Registered in 0.004203 seconds.
Begin MonoManager ReloadAssembly
Native extension for WindowsStandalone target not found
Native extension for WebGL target not found
Refreshing native plugins compatible for Editor in 1.08 ms, found 3 plugins.
Preloading 0 native plugins for Editor in 0.00 ms.
Mono: successfully reloaded assembly
- Completed reload, in  1.620 seconds
Platform modules already initialized, skipping
Refreshing native plugins compatible for Editor in 0.95 ms, found 3 plugins.
Preloading 0 native plugins for Editor in 0.00 ms.
Unloading 2078 Unused Serialized files (Serialized files now loaded: 0)
System memory in use before: 96.8 MB.
System memory in use after: 96.8 MB.

Unloading 21 unused Assets to reduce memory usage. Loaded Objects now: 2673.
Total: 4.073800 ms (FindLiveObjects: 0.525400 ms CreateObjectMapping: 0.126800 ms MarkObjects: 3.231300 ms  DeleteObjects: 0.184900 ms)

========================================================================
Received Prepare
Registering precompiled user dll's ...
Registered in 0.005365 seconds.
Begin MonoManager ReloadAssembly
Native extension for WindowsStandalone target not found
Native extension for WebGL target not found
Refreshing native plugins compatible for Editor in 1.24 ms, found 3 plugins.
Preloading 0 native plugins for Editor in 0.00 ms.
Mono: successfully reloaded assembly
- Completed reload, in  1.616 seconds
Platform modules already initialized, skipping
Refreshing native plugins compatible for Editor in 1.03 ms, found 3 plugins.
Preloading 0 native plugins for Editor in 0.00 ms.
Unloading 2078 Unused Serialized files (Serialized files now loaded: 0)
System memory in use before: 96.8 MB.
System memory in use after: 96.8 MB.

Unloading 21 unused Assets to reduce memory usage. Loaded Objects now: 2677.
Total: 4.860600 ms (FindLiveObjects: 0.750800 ms CreateObjectMapping: 0.126300 ms MarkObjects: 3.792600 ms  DeleteObjects: 0.188800 ms)

========================================================================
Received Prepare
Registering precompiled user dll's ...
Registered in 0.004455 seconds.
Begin MonoManager ReloadAssembly
Native extension for WindowsStandalone target not found
Native extension for WebGL target not found
Refreshing native plugins compatible for Editor in 1.17 ms, found 3 plugins.
Preloading 0 native plugins for Editor in 0.00 ms.
Mono: successfully reloaded assembly
- Completed reload, in  1.631 seconds
Platform modules already initialized, skipping
Refreshing native plugins compatible for Editor in 1.07 ms, found 3 plugins.
Preloading 0 native plugins for Editor in 0.00 ms.
Unloading 2078 Unused Serialized files (Serialized files now loaded: 0)
System memory in use before: 96.8 MB.
System memory in use after: 96.8 MB.

Unloading 21 unused Assets to reduce memory usage. Loaded Objects now: 2681.
Total: 4.488700 ms (FindLiveObjects: 0.722400 ms CreateObjectMapping: 0.157500 ms MarkObjects: 3.427200 ms  DeleteObjects: 0.179000 ms)

========================================================================
Received Prepare
Registering precompiled user dll's ...
Registered in 0.004607 seconds.
Begin MonoManager ReloadAssembly
Native extension for WindowsStandalone target not found
Native extension for WebGL target not found
Refreshing native plugins compatible for Editor in 1.09 ms, found 3 plugins.
Preloading 0 native plugins for Editor in 0.00 ms.
Mono: successfully reloaded assembly
- Completed reload, in  1.593 seconds
Platform modules already initialized, skipping
Refreshing native plugins compatible for Editor in 0.97 ms, found 3 plugins.
Preloading 0 native plugins for Editor in 0.00 ms.
Unloading 2078 Unused Serialized files (Serialized files now loaded: 0)
System memory in use before: 96.8 MB.
System memory in use after: 96.8 MB.

Unloading 21 unused Assets to reduce memory usage. Loaded Objects now: 2685.
Total: 4.378400 ms (FindLiveObjects: 0.741100 ms CreateObjectMapping: 0.148500 ms MarkObjects: 3.289900 ms  DeleteObjects: 0.197200 ms)

========================================================================
Received Prepare
Registering precompiled user dll's ...
Registered in 0.004557 seconds.
Begin MonoManager ReloadAssembly
Native extension for WindowsStandalone target not found
Native extension for WebGL target not found
Refreshing native plugins compatible for Editor in 1.48 ms, found 3 plugins.
Preloading 0 native plugins for Editor in 0.00 ms.
Mono: successfully reloaded assembly
- Completed reload, in  1.639 seconds
Platform modules already initialized, skipping
Refreshing native plugins compatible for Editor in 1.00 ms, found 3 plugins.
Preloading 0 native plugins for Editor in 0.00 ms.
Unloading 2078 Unused Serialized files (Serialized files now loaded: 0)
System memory in use before: 96.8 MB.
System memory in use after: 96.8 MB.

Unloading 21 unused Assets to reduce memory usage. Loaded Objects now: 2689.
Total: 4.530000 ms (FindLiveObjects: 0.582900 ms CreateObjectMapping: 0.138100 ms MarkObjects: 3.621400 ms  DeleteObjects: 0.185100 ms)

========================================================================
Received Import Request.
  Time since last request: 649.971834 seconds.
  path: Assets/Animations/ZombieAnimatorController.controller
  artifactKey: Guid(5ceb94e6487dadb40b0904b0071b98a5) Importer(815301076,1909f56bfc062723c751e8b465ee728b)
Start importing Assets/Animations/ZombieAnimatorController.controller using Guid(5ceb94e6487dadb40b0904b0071b98a5) Importer(815301076,1909f56bfc062723c751e8b465ee728b)  -> (artifact id: '97c80fbd627e01e3507444d7d4ddf3d8') in 0.021397 seconds
  Import took 0.026718 seconds .

========================================================================
Received Prepare
Registering precompiled user dll's ...
Registered in 0.004764 seconds.
Begin MonoManager ReloadAssembly
Native extension for WindowsStandalone target not found
Native extension for WebGL target not found
Refreshing native plugins compatible for Editor in 0.99 ms, found 3 plugins.
Preloading 0 native plugins for Editor in 0.00 ms.
Mono: successfully reloaded assembly
- Completed reload, in  1.592 seconds
Platform modules already initialized, skipping
Refreshing native plugins compatible for Editor in 1.04 ms, found 3 plugins.
Preloading 0 native plugins for Editor in 0.00 ms.
Unloading 2078 Unused Serialized files (Serialized files now loaded: 0)
System memory in use before: 96.9 MB.
System memory in use after: 96.8 MB.

Unloading 21 unused Assets to reduce memory usage. Loaded Objects now: 2693.
Total: 4.812300 ms (FindLiveObjects: 0.562600 ms CreateObjectMapping: 0.128200 ms MarkObjects: 3.933700 ms  DeleteObjects: 0.185300 ms)

========================================================================
Received Prepare
Registering precompiled user dll's ...
Registered in 0.004344 seconds.
Begin MonoManager ReloadAssembly
Native extension for WindowsStandalone target not found
Native extension for WebGL target not found
Refreshing native plugins compatible for Editor in 1.02 ms, found 3 plugins.
Preloading 0 native plugins for Editor in 0.00 ms.
Mono: successfully reloaded assembly
- Completed reload, in  1.697 seconds
Platform modules already initialized, skipping
Refreshing native plugins compatible for Editor in 1.12 ms, found 3 plugins.
Preloading 0 native plugins for Editor in 0.00 ms.
Unloading 2078 Unused Serialized files (Serialized files now loaded: 0)
System memory in use before: 96.9 MB.
System memory in use after: 96.8 MB.

Unloading 21 unused Assets to reduce memory usage. Loaded Objects now: 2697.
Total: 4.435100 ms (FindLiveObjects: 0.634400 ms CreateObjectMapping: 0.127200 ms MarkObjects: 3.492000 ms  DeleteObjects: 0.179600 ms)

========================================================================
Received Prepare
Registering precompiled user dll's ...
Registered in 0.004298 seconds.
Begin MonoManager ReloadAssembly
Native extension for WindowsStandalone target not found
Native extension for WebGL target not found
Refreshing native plugins compatible for Editor in 1.03 ms, found 3 plugins.
Preloading 0 native plugins for Editor in 0.00 ms.
Mono: successfully reloaded assembly
- Completed reload, in  1.625 seconds
Platform modules already initialized, skipping
Refreshing native plugins compatible for Editor in 1.02 ms, found 3 plugins.
Preloading 0 native plugins for Editor in 0.00 ms.
Unloading 2078 Unused Serialized files (Serialized files now loaded: 0)
System memory in use before: 96.9 MB.
System memory in use after: 96.9 MB.

Unloading 21 unused Assets to reduce memory usage. Loaded Objects now: 2701.
Total: 4.396700 ms (FindLiveObjects: 0.607400 ms CreateObjectMapping: 0.136200 ms MarkObjects: 3.470800 ms  DeleteObjects: 0.180400 ms)

========================================================================
Received Prepare
Registering precompiled user dll's ...
Registered in 0.004771 seconds.
Begin MonoManager ReloadAssembly
Native extension for WindowsStandalone target not found
Native extension for WebGL target not found
Refreshing native plugins compatible for Editor in 1.01 ms, found 3 plugins.
Preloading 0 native plugins for Editor in 0.00 ms.
Mono: successfully reloaded assembly
- Completed reload, in  1.632 seconds
Platform modules already initialized, skipping
Refreshing native plugins compatible for Editor in 1.11 ms, found 3 plugins.
Preloading 0 native plugins for Editor in 0.00 ms.
Unloading 2078 Unused Serialized files (Serialized files now loaded: 0)
System memory in use before: 96.9 MB.
System memory in use after: 96.9 MB.

Unloading 21 unused Assets to reduce memory usage. Loaded Objects now: 2705.
Total: 4.414000 ms (FindLiveObjects: 0.600300 ms CreateObjectMapping: 0.137000 ms MarkObjects: 3.480400 ms  DeleteObjects: 0.194500 ms)

========================================================================
Received Prepare
Registering precompiled user dll's ...
Registered in 0.004646 seconds.
Begin MonoManager ReloadAssembly
Native extension for WindowsStandalone target not found
Native extension for WebGL target not found
Refreshing native plugins compatible for Editor in 1.00 ms, found 3 plugins.
Preloading 0 native plugins for Editor in 0.00 ms.
Mono: successfully reloaded assembly
- Completed reload, in  1.644 seconds
Platform modules already initialized, skipping
Refreshing native plugins compatible for Editor in 1.37 ms, found 3 plugins.
Preloading 0 native plugins for Editor in 0.00 ms.
Unloading 2078 Unused Serialized files (Serialized files now loaded: 0)
System memory in use before: 97.0 MB.
System memory in use after: 97.0 MB.

Unloading 21 unused Assets to reduce memory usage. Loaded Objects now: 2709.
Total: 4.821400 ms (FindLiveObjects: 0.868000 ms CreateObjectMapping: 0.159800 ms MarkObjects: 3.593200 ms  DeleteObjects: 0.198500 ms)

========================================================================
Received Prepare
Registering precompiled user dll's ...
Registered in 0.004309 seconds.
Begin MonoManager ReloadAssembly
Native extension for WindowsStandalone target not found
Native extension for WebGL target not found
Refreshing native plugins compatible for Editor in 1.15 ms, found 3 plugins.
Preloading 0 native plugins for Editor in 0.00 ms.
Mono: successfully reloaded assembly
- Completed reload, in  1.682 seconds
Platform modules already initialized, skipping
Refreshing native plugins compatible for Editor in 1.02 ms, found 3 plugins.
Preloading 0 native plugins for Editor in 0.00 ms.
Unloading 2078 Unused Serialized files (Serialized files now loaded: 0)
System memory in use before: 97.0 MB.
System memory in use after: 97.0 MB.

Unloading 21 unused Assets to reduce memory usage. Loaded Objects now: 2713.
Total: 4.510700 ms (FindLiveObjects: 0.602800 ms CreateObjectMapping: 0.130100 ms MarkObjects: 3.592700 ms  DeleteObjects: 0.183100 ms)

========================================================================
Received Prepare
Registering precompiled user dll's ...
Registered in 0.004393 seconds.
Begin MonoManager ReloadAssembly
Native extension for WindowsStandalone target not found
Native extension for WebGL target not found
Refreshing native plugins compatible for Editor in 1.11 ms, found 3 plugins.
Preloading 0 native plugins for Editor in 0.00 ms.
Mono: successfully reloaded assembly
- Completed reload, in  1.727 seconds
Platform modules already initialized, skipping
Refreshing native plugins compatible for Editor in 0.96 ms, found 3 plugins.
Preloading 0 native plugins for Editor in 0.00 ms.
Unloading 2078 Unused Serialized files (Serialized files now loaded: 0)
System memory in use before: 97.0 MB.
System memory in use after: 97.1 MB.

Unloading 21 unused Assets to reduce memory usage. Loaded Objects now: 2717.
Total: 8.170600 ms (FindLiveObjects: 0.848400 ms CreateObjectMapping: 0.148600 ms MarkObjects: 5.564300 ms  DeleteObjects: 1.607200 ms)

========================================================================
Received Prepare
Registering precompiled user dll's ...
Registered in 0.005615 seconds.
Begin MonoManager ReloadAssembly
Native extension for WindowsStandalone target not found
Native extension for WebGL target not found
Refreshing native plugins compatible for Editor in 1.06 ms, found 3 plugins.
Preloading 0 native plugins for Editor in 0.00 ms.
Mono: successfully reloaded assembly
- Completed reload, in  1.699 seconds
Platform modules already initialized, skipping
Refreshing native plugins compatible for Editor in 1.01 ms, found 3 plugins.
Preloading 0 native plugins for Editor in 0.00 ms.
Unloading 2078 Unused Serialized files (Serialized files now loaded: 0)
System memory in use before: 97.0 MB.
System memory in use after: 97.1 MB.

Unloading 21 unused Assets to reduce memory usage. Loaded Objects now: 2721.
Total: 6.677100 ms (FindLiveObjects: 0.713200 ms CreateObjectMapping: 0.171700 ms MarkObjects: 5.578000 ms  DeleteObjects: 0.211600 ms)

========================================================================
Received Prepare
Registering precompiled user dll's ...
Registered in 0.004273 seconds.
Begin MonoManager ReloadAssembly
Native extension for WindowsStandalone target not found
Native extension for WebGL target not found
Refreshing native plugins compatible for Editor in 1.12 ms, found 3 plugins.
Preloading 0 native plugins for Editor in 0.00 ms.
Mono: successfully reloaded assembly
- Completed reload, in  1.636 seconds
Platform modules already initialized, skipping
Refreshing native plugins compatible for Editor in 1.14 ms, found 3 plugins.
Preloading 0 native plugins for Editor in 0.00 ms.
Unloading 2078 Unused Serialized files (Serialized files now loaded: 0)
System memory in use before: 97.0 MB.
System memory in use after: 97.1 MB.

Unloading 21 unused Assets to reduce memory usage. Loaded Objects now: 2725.
Total: 4.535600 ms (FindLiveObjects: 0.612700 ms CreateObjectMapping: 0.152500 ms MarkObjects: 3.583500 ms  DeleteObjects: 0.184900 ms)

========================================================================
Received Prepare
Registering precompiled user dll's ...
Registered in 0.004707 seconds.
Begin MonoManager ReloadAssembly
Native extension for WindowsStandalone target not found
Native extension for WebGL target not found
Refreshing native plugins compatible for Editor in 0.97 ms, found 3 plugins.
Preloading 0 native plugins for Editor in 0.00 ms.
Mono: successfully reloaded assembly
- Completed reload, in  1.595 seconds
Platform modules already initialized, skipping
Refreshing native plugins compatible for Editor in 1.01 ms, found 3 plugins.
Preloading 0 native plugins for Editor in 0.00 ms.
Unloading 2078 Unused Serialized files (Serialized files now loaded: 0)
System memory in use before: 97.0 MB.
System memory in use after: 97.1 MB.

Unloading 21 unused Assets to reduce memory usage. Loaded Objects now: 2729.
Total: 5.308900 ms (FindLiveObjects: 0.819500 ms CreateObjectMapping: 0.200300 ms MarkObjects: 4.093400 ms  DeleteObjects: 0.193600 ms)

========================================================================
Received Import Request.
  Time since last request: 1661.622472 seconds.
  path: Assets/Scripts/PlayerInput.cs
  artifactKey: Guid(0f5639896a79c234c824acb179299fdc) Importer(815301076,1909f56bfc062723c751e8b465ee728b)
Start importing Assets/Scripts/PlayerInput.cs using Guid(0f5639896a79c234c824acb179299fdc) Importer(815301076,1909f56bfc062723c751e8b465ee728b)  -> (artifact id: 'df003f44b4cde240b4fe0b477fa2fb93') in 0.014752 seconds
  Import took 0.022841 seconds .

========================================================================
Received Prepare
Registering precompiled user dll's ...
Registered in 0.004849 seconds.
Begin MonoManager ReloadAssembly
Native extension for WindowsStandalone target not found
Native extension for WebGL target not found
Refreshing native plugins compatible for Editor in 1.07 ms, found 3 plugins.
Preloading 0 native plugins for Editor in 0.00 ms.
Mono: successfully reloaded assembly
- Completed reload, in  1.738 seconds
Platform modules already initialized, skipping
Refreshing native plugins compatible for Editor in 1.01 ms, found 3 plugins.
Preloading 0 native plugins for Editor in 0.00 ms.
Unloading 2079 Unused Serialized files (Serialized files now loaded: 0)
System memory in use before: 97.1 MB.
System memory in use after: 97.1 MB.

Unloading 21 unused Assets to reduce memory usage. Loaded Objects now: 2734.
Total: 5.346100 ms (FindLiveObjects: 1.134000 ms CreateObjectMapping: 0.195200 ms MarkObjects: 3.821400 ms  DeleteObjects: 0.193200 ms)

========================================================================
Received Prepare
Registering precompiled user dll's ...
Registered in 0.004155 seconds.
Begin MonoManager ReloadAssembly
Native extension for WindowsStandalone target not found
Native extension for WebGL target not found
Refreshing native plugins compatible for Editor in 1.00 ms, found 3 plugins.
Preloading 0 native plugins for Editor in 0.00 ms.
Mono: successfully reloaded assembly
- Completed reload, in  1.680 seconds
Platform modules already initialized, skipping
Refreshing native plugins compatible for Editor in 1.08 ms, found 3 plugins.
Preloading 0 native plugins for Editor in 0.00 ms.
Unloading 2079 Unused Serialized files (Serialized files now loaded: 0)
System memory in use before: 97.1 MB.
System memory in use after: 97.1 MB.

Unloading 21 unused Assets to reduce memory usage. Loaded Objects now: 2738.
Total: 5.882600 ms (FindLiveObjects: 0.764100 ms CreateObjectMapping: 0.247000 ms MarkObjects: 4.636600 ms  DeleteObjects: 0.232600 ms)

========================================================================
Received Import Request.
  Time since last request: 467.362886 seconds.
  path: Assets/Scripts/PlayerInput.cs
  artifactKey: Guid(0f5639896a79c234c824acb179299fdc) Importer(815301076,1909f56bfc062723c751e8b465ee728b)
Start importing Assets/Scripts/PlayerInput.cs using Guid(0f5639896a79c234c824acb179299fdc) Importer(815301076,1909f56bfc062723c751e8b465ee728b)  -> (artifact id: 'c828f4ea45c2542ebf1573572f2672b9') in 0.009275 seconds
  Import took 0.014994 seconds .

========================================================================
Received Prepare
Registering precompiled user dll's ...
Registered in 0.004677 seconds.
Begin MonoManager ReloadAssembly
Native extension for WindowsStandalone target not found
Native extension for WebGL target not found
Refreshing native plugins compatible for Editor in 1.20 ms, found 3 plugins.
Preloading 0 native plugins for Editor in 0.00 ms.
Mono: successfully reloaded assembly
- Completed reload, in  1.654 seconds
Platform modules already initialized, skipping
Refreshing native plugins compatible for Editor in 1.73 ms, found 3 plugins.
Preloading 0 native plugins for Editor in 0.00 ms.
Unloading 2079 Unused Serialized files (Serialized files now loaded: 0)
System memory in use before: 97.1 MB.
System memory in use after: 97.1 MB.

Unloading 21 unused Assets to reduce memory usage. Loaded Objects now: 2742.
Total: 5.498100 ms (FindLiveObjects: 0.736400 ms CreateObjectMapping: 0.169300 ms MarkObjects: 4.396900 ms  DeleteObjects: 0.193400 ms)

========================================================================
Received Prepare
Registering precompiled user dll's ...
Registered in 0.004230 seconds.
Begin MonoManager ReloadAssembly
Native extension for WindowsStandalone target not found
Native extension for WebGL target not found
Refreshing native plugins compatible for Editor in 1.71 ms, found 3 plugins.
Preloading 0 native plugins for Editor in 0.00 ms.
Mono: successfully reloaded assembly
- Completed reload, in  1.670 seconds
Platform modules already initialized, skipping
Refreshing native plugins compatible for Editor in 1.48 ms, found 3 plugins.
Preloading 0 native plugins for Editor in 0.00 ms.
Unloading 2079 Unused Serialized files (Serialized files now loaded: 0)
System memory in use before: 97.1 MB.
System memory in use after: 97.2 MB.

Unloading 21 unused Assets to reduce memory usage. Loaded Objects now: 2746.
Total: 4.957800 ms (FindLiveObjects: 0.716200 ms CreateObjectMapping: 0.184800 ms MarkObjects: 3.861600 ms  DeleteObjects: 0.193300 ms)

========================================================================
Received Prepare
Registering precompiled user dll's ...
Registered in 0.004738 seconds.
Begin MonoManager ReloadAssembly
Native extension for WindowsStandalone target not found
Native extension for WebGL target not found
Refreshing native plugins compatible for Editor in 1.02 ms, found 3 plugins.
Preloading 0 native plugins for Editor in 0.00 ms.
Mono: successfully reloaded assembly
- Completed reload, in  1.640 seconds
Platform modules already initialized, skipping
Refreshing native plugins compatible for Editor in 1.11 ms, found 3 plugins.
Preloading 0 native plugins for Editor in 0.00 ms.
Unloading 2079 Unused Serialized files (Serialized files now loaded: 0)
System memory in use before: 97.1 MB.
System memory in use after: 97.2 MB.

Unloading 21 unused Assets to reduce memory usage. Loaded Objects now: 2750.
Total: 5.141200 ms (FindLiveObjects: 0.786600 ms CreateObjectMapping: 0.264100 ms MarkObjects: 3.894600 ms  DeleteObjects: 0.194400 ms)

========================================================================
Received Prepare
Registering precompiled user dll's ...
Registered in 0.004441 seconds.
Begin MonoManager ReloadAssembly
Native extension for WindowsStandalone target not found
Native extension for WebGL target not found
Refreshing native plugins compatible for Editor in 1.06 ms, found 3 plugins.
Preloading 0 native plugins for Editor in 0.00 ms.
Mono: successfully reloaded assembly
- Completed reload, in  1.719 seconds
Platform modules already initialized, skipping
Refreshing native plugins compatible for Editor in 0.97 ms, found 3 plugins.
Preloading 0 native plugins for Editor in 0.00 ms.
Unloading 2079 Unused Serialized files (Serialized files now loaded: 0)
System memory in use before: 97.1 MB.
System memory in use after: 97.2 MB.

Unloading 21 unused Assets to reduce memory usage. Loaded Objects now: 2754.
Total: 5.071400 ms (FindLiveObjects: 0.658300 ms CreateObjectMapping: 0.158800 ms MarkObjects: 4.059200 ms  DeleteObjects: 0.193100 ms)

========================================================================
Received Import Request.
  Time since last request: 479.923357 seconds.
  path: Assets/Animations/ZombieAnimatorController.controller
  artifactKey: Guid(5ceb94e6487dadb40b0904b0071b98a5) Importer(815301076,1909f56bfc062723c751e8b465ee728b)
Start importing Assets/Animations/ZombieAnimatorController.controller using Guid(5ceb94e6487dadb40b0904b0071b98a5) Importer(815301076,1909f56bfc062723c751e8b465ee728b)  -> (artifact id: 'd70200dac0f2896152bd653bb535eb9f') in 0.382905 seconds
  Import took 0.388479 seconds .

========================================================================
Received Import Request.
  Time since last request: 18.616797 seconds.
  path: Assets/Animations/WolfAnimatorController.controller
  artifactKey: Guid(4794b6c33829d2c46a1362b25f030891) Importer(815301076,1909f56bfc062723c751e8b465ee728b)
Start importing Assets/Animations/WolfAnimatorController.controller using Guid(4794b6c33829d2c46a1362b25f030891) Importer(815301076,1909f56bfc062723c751e8b465ee728b)  -> (artifact id: '3347f03c65bdfd13a0c6562c4fa662ba') in 0.009818 seconds
  Import took 0.015487 seconds .

========================================================================
Received Import Request.
  Time since last request: 9.247416 seconds.
  path: Assets/Animations/ZombieAnimatorController.controller
  artifactKey: Guid(5ceb94e6487dadb40b0904b0071b98a5) Importer(815301076,1909f56bfc062723c751e8b465ee728b)
Start importing Assets/Animations/ZombieAnimatorController.controller using Guid(5ceb94e6487dadb40b0904b0071b98a5) Importer(815301076,1909f56bfc062723c751e8b465ee728b)  -> (artifact id: '6814332c508849570ac6f9b36d79eb4c') in 0.318349 seconds
  Import took 0.326654 seconds .

========================================================================
Received Prepare
Registering precompiled user dll's ...
Registered in 0.004586 seconds.
Begin MonoManager ReloadAssembly
Native extension for WindowsStandalone target not found
Native extension for WebGL target not found
Refreshing native plugins compatible for Editor in 1.12 ms, found 3 plugins.
Preloading 0 native plugins for Editor in 0.00 ms.
Mono: successfully reloaded assembly
- Completed reload, in  1.765 seconds
Platform modules already initialized, skipping
Refreshing native plugins compatible for Editor in 1.02 ms, found 3 plugins.
Preloading 0 native plugins for Editor in 0.00 ms.
Unloading 2079 Unused Serialized files (Serialized files now loaded: 0)
System memory in use before: 97.1 MB.
System memory in use after: 97.2 MB.

Unloading 21 unused Assets to reduce memory usage. Loaded Objects now: 2758.
Total: 4.580500 ms (FindLiveObjects: 0.664300 ms CreateObjectMapping: 0.176100 ms MarkObjects: 3.551700 ms  DeleteObjects: 0.186300 ms)

========================================================================
Received Prepare
Registering precompiled user dll's ...
Registered in 0.004692 seconds.
Begin MonoManager ReloadAssembly
Native extension for WindowsStandalone target not found
Native extension for WebGL target not found
Refreshing native plugins compatible for Editor in 1.13 ms, found 3 plugins.
Preloading 0 native plugins for Editor in 0.00 ms.
Mono: successfully reloaded assembly
- Completed reload, in  1.651 seconds
Platform modules already initialized, skipping
Refreshing native plugins compatible for Editor in 0.96 ms, found 3 plugins.
Preloading 0 native plugins for Editor in 0.00 ms.
Unloading 2079 Unused Serialized files (Serialized files now loaded: 0)
System memory in use before: 97.1 MB.
System memory in use after: 97.2 MB.

Unloading 21 unused Assets to reduce memory usage. Loaded Objects now: 2762.
Total: 4.514000 ms (FindLiveObjects: 0.611400 ms CreateObjectMapping: 0.155000 ms MarkObjects: 3.561500 ms  DeleteObjects: 0.184400 ms)

========================================================================
Received Prepare
Registering precompiled user dll's ...
Registered in 0.004574 seconds.
Begin MonoManager ReloadAssembly
Native extension for WindowsStandalone target not found
Native extension for WebGL target not found
Refreshing native plugins compatible for Editor in 1.13 ms, found 3 plugins.
Preloading 0 native plugins for Editor in 0.00 ms.
Mono: successfully reloaded assembly
- Completed reload, in  1.662 seconds
Platform modules already initialized, skipping
Refreshing native plugins compatible for Editor in 1.06 ms, found 3 plugins.
Preloading 0 native plugins for Editor in 0.00 ms.
Unloading 2079 Unused Serialized files (Serialized files now loaded: 0)
System memory in use before: 97.1 MB.
System memory in use after: 97.2 MB.

Unloading 21 unused Assets to reduce memory usage. Loaded Objects now: 2766.
Total: 4.812200 ms (FindLiveObjects: 0.645600 ms CreateObjectMapping: 0.230800 ms MarkObjects: 3.712500 ms  DeleteObjects: 0.221200 ms)

========================================================================
Received Prepare
Registering precompiled user dll's ...
Registered in 0.004210 seconds.
Begin MonoManager ReloadAssembly
Native extension for WindowsStandalone target not found
Native extension for WebGL target not found
Refreshing native plugins compatible for Editor in 1.06 ms, found 3 plugins.
Preloading 0 native plugins for Editor in 0.00 ms.
Mono: successfully reloaded assembly
- Completed reload, in  1.618 seconds
Platform modules already initialized, skipping
Refreshing native plugins compatible for Editor in 1.02 ms, found 3 plugins.
Preloading 0 native plugins for Editor in 0.00 ms.
Unloading 2079 Unused Serialized files (Serialized files now loaded: 0)
System memory in use before: 97.1 MB.
System memory in use after: 97.2 MB.

Unloading 21 unused Assets to reduce memory usage. Loaded Objects now: 2770.
Total: 4.773600 ms (FindLiveObjects: 0.584700 ms CreateObjectMapping: 0.158200 ms MarkObjects: 3.838700 ms  DeleteObjects: 0.189800 ms)

========================================================================
Received Prepare
Registering precompiled user dll's ...
Registered in 0.004388 seconds.
Begin MonoManager ReloadAssembly
Native extension for WindowsStandalone target not found
Native extension for WebGL target not found
Refreshing native plugins compatible for Editor in 2.02 ms, found 3 plugins.
Preloading 0 native plugins for Editor in 0.00 ms.
Mono: successfully reloaded assembly
- Completed reload, in  1.770 seconds
Platform modules already initialized, skipping
Refreshing native plugins compatible for Editor in 1.01 ms, found 3 plugins.
Preloading 0 native plugins for Editor in 0.00 ms.
Unloading 2079 Unused Serialized files (Serialized files now loaded: 0)
System memory in use before: 97.1 MB.
System memory in use after: 97.2 MB.

Unloading 21 unused Assets to reduce memory usage. Loaded Objects now: 2774.
Total: 4.901000 ms (FindLiveObjects: 0.702200 ms CreateObjectMapping: 0.168000 ms MarkObjects: 3.838000 ms  DeleteObjects: 0.190500 ms)

AssetImportWorkerClient::OnTransportError - code=2 error=End of file
